{"C:\\Users\\Owner\\source\\repos\\Cloned-Repos\\telebid\\borislav.a-training\\ekatte\\src\\controllers\\crudController.js": {"path":"C:\\Users\\Owner\\source\\repos\\Cloned-Repos\\telebid\\borislav.a-training\\ekatte\\src\\controllers\\crudController.js","statementMap":{"0":{"start":{"line":5,"column":4},"end":{"line":5,"column":33}},"1":{"start":{"line":9,"column":4},"end":{"line":19,"column":5}},"2":{"start":{"line":10,"column":21},"end":{"line":10,"column":34}},"3":{"start":{"line":11,"column":6},"end":{"line":15,"column":7}},"4":{"start":{"line":12,"column":8},"end":{"line":12,"column":92}},"5":{"start":{"line":14,"column":8},"end":{"line":14,"column":106}},"6":{"start":{"line":17,"column":6},"end":{"line":17,"column":25}},"7":{"start":{"line":18,"column":6},"end":{"line":18,"column":102}},"8":{"start":{"line":23,"column":4},"end":{"line":23,"column":66}},"9":{"start":{"line":27,"column":4},"end":{"line":27,"column":71}},"10":{"start":{"line":31,"column":4},"end":{"line":31,"column":75}},"11":{"start":{"line":35,"column":4},"end":{"line":35,"column":70}},"12":{"start":{"line":39,"column":4},"end":{"line":39,"column":74}},"13":{"start":{"line":43,"column":4},"end":{"line":43,"column":70}}},"fnMap":{"0":{"name":"(anonymous_0)","decl":{"start":{"line":4,"column":2},"end":{"line":4,"column":3}},"loc":{"start":{"line":4,"column":26},"end":{"line":6,"column":3}},"line":4},"1":{"name":"(anonymous_1)","decl":{"start":{"line":8,"column":2},"end":{"line":8,"column":3}},"loc":{"start":{"line":8,"column":41},"end":{"line":20,"column":3}},"line":8},"2":{"name":"(anonymous_2)","decl":{"start":{"line":22,"column":2},"end":{"line":22,"column":3}},"loc":{"start":{"line":22,"column":25},"end":{"line":24,"column":3}},"line":22},"3":{"name":"(anonymous_3)","decl":{"start":{"line":26,"column":2},"end":{"line":26,"column":3}},"loc":{"start":{"line":26,"column":32},"end":{"line":28,"column":3}},"line":26},"4":{"name":"(anonymous_4)","decl":{"start":{"line":30,"column":2},"end":{"line":30,"column":3}},"loc":{"start":{"line":30,"column":36},"end":{"line":32,"column":3}},"line":30},"5":{"name":"(anonymous_5)","decl":{"start":{"line":34,"column":2},"end":{"line":34,"column":3}},"loc":{"start":{"line":34,"column":31},"end":{"line":36,"column":3}},"line":34},"6":{"name":"(anonymous_6)","decl":{"start":{"line":38,"column":2},"end":{"line":38,"column":3}},"loc":{"start":{"line":38,"column":35},"end":{"line":40,"column":3}},"line":38},"7":{"name":"(anonymous_7)","decl":{"start":{"line":42,"column":2},"end":{"line":42,"column":3}},"loc":{"start":{"line":42,"column":31},"end":{"line":44,"column":3}},"line":42}},"branchMap":{"0":{"loc":{"start":{"line":11,"column":6},"end":{"line":15,"column":7}},"type":"if","locations":[{"start":{"line":11,"column":6},"end":{"line":15,"column":7}},{"start":{"line":13,"column":13},"end":{"line":15,"column":7}}],"line":11}},"s":{"0":9,"1":3,"2":3,"3":2,"4":1,"5":1,"6":1,"7":1,"8":1,"9":1,"10":1,"11":1,"12":1,"13":1},"f":{"0":9,"1":3,"2":1,"3":1,"4":1,"5":1,"6":1,"7":1},"b":{"0":[1,1]},"inputSourceMap":null,"_coverageSchema":"1a1c01bbd47fc00a2c39e90264f33305004495a9","hash":"88ddc41dd499c469b103a1c05342a6f6c7d3365f"}
,"C:\\Users\\Owner\\source\\repos\\Cloned-Repos\\telebid\\borislav.a-training\\ekatte\\src\\controllers\\statisticsController.js": {"path":"C:\\Users\\Owner\\source\\repos\\Cloned-Repos\\telebid\\borislav.a-training\\ekatte\\src\\controllers\\statisticsController.js","statementMap":{"0":{"start":{"line":5,"column":4},"end":{"line":5,"column":33}},"1":{"start":{"line":9,"column":4},"end":{"line":19,"column":5}},"2":{"start":{"line":10,"column":21},"end":{"line":10,"column":34}},"3":{"start":{"line":11,"column":6},"end":{"line":15,"column":7}},"4":{"start":{"line":12,"column":8},"end":{"line":12,"column":92}},"5":{"start":{"line":14,"column":8},"end":{"line":14,"column":106}},"6":{"start":{"line":17,"column":6},"end":{"line":17,"column":25}},"7":{"start":{"line":18,"column":6},"end":{"line":18,"column":102}},"8":{"start":{"line":23,"column":4},"end":{"line":23,"column":73}}},"fnMap":{"0":{"name":"(anonymous_0)","decl":{"start":{"line":4,"column":2},"end":{"line":4,"column":3}},"loc":{"start":{"line":4,"column":26},"end":{"line":6,"column":3}},"line":4},"1":{"name":"(anonymous_1)","decl":{"start":{"line":8,"column":2},"end":{"line":8,"column":3}},"loc":{"start":{"line":8,"column":41},"end":{"line":20,"column":3}},"line":8},"2":{"name":"(anonymous_2)","decl":{"start":{"line":22,"column":2},"end":{"line":22,"column":3}},"loc":{"start":{"line":22,"column":32},"end":{"line":24,"column":3}},"line":22}},"branchMap":{"0":{"loc":{"start":{"line":11,"column":6},"end":{"line":15,"column":7}},"type":"if","locations":[{"start":{"line":11,"column":6},"end":{"line":15,"column":7}},{"start":{"line":13,"column":13},"end":{"line":15,"column":7}}],"line":11}},"s":{"0":4,"1":3,"2":3,"3":2,"4":1,"5":1,"6":1,"7":1,"8":1},"f":{"0":4,"1":3,"2":1},"b":{"0":[1,1]},"inputSourceMap":null,"_coverageSchema":"1a1c01bbd47fc00a2c39e90264f33305004495a9","hash":"dd44fd5e0b4aaaf849f9828a8f988b7cac9a6ae8"}
,"C:\\Users\\Owner\\source\\repos\\Cloned-Repos\\telebid\\borislav.a-training\\ekatte\\src\\repository\\crudRepository.js": {"path":"C:\\Users\\Owner\\source\\repos\\Cloned-Repos\\telebid\\borislav.a-training\\ekatte\\src\\repository\\crudRepository.js","statementMap":{"0":{"start":{"line":3,"column":4},"end":{"line":3,"column":21}},"1":{"start":{"line":4,"column":4},"end":{"line":4,"column":25}},"2":{"start":{"line":8,"column":19},"end":{"line":8,"column":44}},"3":{"start":{"line":9,"column":4},"end":{"line":22,"column":5}},"4":{"start":{"line":10,"column":23},"end":{"line":10,"column":56}},"5":{"start":{"line":11,"column":6},"end":{"line":11,"column":18}},"6":{"start":{"line":13,"column":8},"end":{"line":17,"column":9}},"7":{"start":{"line":14,"column":10},"end":{"line":14,"column":97}},"8":{"start":{"line":15,"column":15},"end":{"line":17,"column":9}},"9":{"start":{"line":16,"column":10},"end":{"line":16,"column":95}},"10":{"start":{"line":18,"column":8},"end":{"line":18,"column":95}},"11":{"start":{"line":21,"column":6},"end":{"line":21,"column":23}},"12":{"start":{"line":26,"column":18},"end":{"line":26,"column":70}},"13":{"start":{"line":27,"column":17},"end":{"line":27,"column":41}},"14":{"start":{"line":28,"column":4},"end":{"line":28,"column":58}},"15":{"start":{"line":32,"column":18},"end":{"line":32,"column":67}},"16":{"start":{"line":33,"column":17},"end":{"line":33,"column":47}},"17":{"start":{"line":34,"column":4},"end":{"line":34,"column":61}},"18":{"start":{"line":38,"column":17},"end":{"line":38,"column":52}},"19":{"start":{"line":39,"column":19},"end":{"line":39,"column":47}},"20":{"start":{"line":39,"column":37},"end":{"line":39,"column":46}},"21":{"start":{"line":40,"column":18},"end":{"line":42,"column":73}},"22":{"start":{"line":42,"column":36},"end":{"line":42,"column":47}},"23":{"start":{"line":44,"column":17},"end":{"line":44,"column":49}},"24":{"start":{"line":45,"column":4},"end":{"line":45,"column":61}},"25":{"start":{"line":49,"column":17},"end":{"line":49,"column":52}},"26":{"start":{"line":50,"column":19},"end":{"line":50,"column":47}},"27":{"start":{"line":50,"column":37},"end":{"line":50,"column":46}},"28":{"start":{"line":51,"column":18},"end":{"line":55,"column":21}},"29":{"start":{"line":53,"column":35},"end":{"line":53,"column":55}},"30":{"start":{"line":57,"column":17},"end":{"line":57,"column":58}},"31":{"start":{"line":58,"column":4},"end":{"line":58,"column":61}},"32":{"start":{"line":62,"column":18},"end":{"line":62,"column":78}},"33":{"start":{"line":63,"column":17},"end":{"line":63,"column":47}},"34":{"start":{"line":64,"column":4},"end":{"line":64,"column":61}},"35":{"start":{"line":68,"column":29},"end":{"line":70,"column":5}},"36":{"start":{"line":69,"column":15},"end":{"line":69,"column":53}},"37":{"start":{"line":72,"column":4},"end":{"line":74,"column":5}},"38":{"start":{"line":73,"column":6},"end":{"line":73,"column":52}},"39":{"start":{"line":76,"column":18},"end":{"line":81,"column":41}},"40":{"start":{"line":79,"column":26},"end":{"line":79,"column":66}},"41":{"start":{"line":83,"column":23},"end":{"line":83,"column":30}},"42":{"start":{"line":84,"column":17},"end":{"line":84,"column":53}},"43":{"start":{"line":85,"column":4},"end":{"line":85,"column":58}}},"fnMap":{"0":{"name":"(anonymous_0)","decl":{"start":{"line":2,"column":2},"end":{"line":2,"column":3}},"loc":{"start":{"line":2,"column":28},"end":{"line":5,"column":3}},"line":2},"1":{"name":"(anonymous_1)","decl":{"start":{"line":7,"column":2},"end":{"line":7,"column":3}},"loc":{"start":{"line":7,"column":35},"end":{"line":23,"column":3}},"line":7},"2":{"name":"(anonymous_2)","decl":{"start":{"line":25,"column":2},"end":{"line":25,"column":3}},"loc":{"start":{"line":25,"column":17},"end":{"line":29,"column":3}},"line":25},"3":{"name":"(anonymous_3)","decl":{"start":{"line":31,"column":2},"end":{"line":31,"column":3}},"loc":{"start":{"line":31,"column":20},"end":{"line":35,"column":3}},"line":31},"4":{"name":"(anonymous_4)","decl":{"start":{"line":37,"column":2},"end":{"line":37,"column":3}},"loc":{"start":{"line":37,"column":21},"end":{"line":46,"column":3}},"line":37},"5":{"name":"(anonymous_5)","decl":{"start":{"line":39,"column":28},"end":{"line":39,"column":29}},"loc":{"start":{"line":39,"column":37},"end":{"line":39,"column":46}},"line":39},"6":{"name":"(anonymous_6)","decl":{"start":{"line":42,"column":26},"end":{"line":42,"column":27}},"loc":{"start":{"line":42,"column":36},"end":{"line":42,"column":47}},"line":42},"7":{"name":"(anonymous_7)","decl":{"start":{"line":48,"column":2},"end":{"line":48,"column":3}},"loc":{"start":{"line":48,"column":25},"end":{"line":59,"column":3}},"line":48},"8":{"name":"(anonymous_8)","decl":{"start":{"line":50,"column":28},"end":{"line":50,"column":29}},"loc":{"start":{"line":50,"column":37},"end":{"line":50,"column":46}},"line":50},"9":{"name":"(anonymous_9)","decl":{"start":{"line":53,"column":23},"end":{"line":53,"column":24}},"loc":{"start":{"line":53,"column":35},"end":{"line":53,"column":55}},"line":53},"10":{"name":"(anonymous_10)","decl":{"start":{"line":61,"column":2},"end":{"line":61,"column":3}},"loc":{"start":{"line":61,"column":19},"end":{"line":65,"column":3}},"line":61},"11":{"name":"(anonymous_11)","decl":{"start":{"line":67,"column":2},"end":{"line":67,"column":3}},"loc":{"start":{"line":67,"column":27},"end":{"line":86,"column":3}},"line":67},"12":{"name":"(anonymous_12)","decl":{"start":{"line":69,"column":6},"end":{"line":69,"column":7}},"loc":{"start":{"line":69,"column":15},"end":{"line":69,"column":53}},"line":69},"13":{"name":"(anonymous_13)","decl":{"start":{"line":79,"column":15},"end":{"line":79,"column":16}},"loc":{"start":{"line":79,"column":26},"end":{"line":79,"column":66}},"line":79}},"branchMap":{"0":{"loc":{"start":{"line":7,"column":22},"end":{"line":7,"column":33}},"type":"default-arg","locations":[{"start":{"line":7,"column":31},"end":{"line":7,"column":33}}],"line":7},"1":{"loc":{"start":{"line":13,"column":8},"end":{"line":17,"column":9}},"type":"if","locations":[{"start":{"line":13,"column":8},"end":{"line":17,"column":9}},{"start":{"line":15,"column":15},"end":{"line":17,"column":9}}],"line":13},"2":{"loc":{"start":{"line":15,"column":15},"end":{"line":17,"column":9}},"type":"if","locations":[{"start":{"line":15,"column":15},"end":{"line":17,"column":9}},{"start":{},"end":{}}],"line":15},"3":{"loc":{"start":{"line":72,"column":4},"end":{"line":74,"column":5}},"type":"if","locations":[{"start":{"line":72,"column":4},"end":{"line":74,"column":5}},{"start":{},"end":{}}],"line":72}},"s":{"0":16,"1":16,"2":5,"3":5,"4":5,"5":2,"6":3,"7":1,"8":2,"9":1,"10":1,"11":5,"12":2,"13":2,"14":1,"15":2,"16":2,"17":2,"18":1,"19":1,"20":2,"21":1,"22":2,"23":1,"24":1,"25":1,"26":1,"27":2,"28":1,"29":2,"30":1,"31":1,"32":1,"33":1,"34":1,"35":3,"36":6,"37":3,"38":1,"39":2,"40":4,"41":2,"42":2,"43":1},"f":{"0":16,"1":5,"2":2,"3":2,"4":1,"5":2,"6":2,"7":1,"8":2,"9":2,"10":1,"11":3,"12":6,"13":4},"b":{"0":[1],"1":[1,2],"2":[1,1],"3":[1,2]},"inputSourceMap":null,"_coverageSchema":"1a1c01bbd47fc00a2c39e90264f33305004495a9","hash":"a1f4fa28063b0c13bf1cb549cfc485d7072f16b4"}
,"C:\\Users\\Owner\\source\\repos\\Cloned-Repos\\telebid\\borislav.a-training\\ekatte\\src\\repository\\repository.js": {"path":"C:\\Users\\Owner\\source\\repos\\Cloned-Repos\\telebid\\borislav.a-training\\ekatte\\src\\repository\\repository.js","statementMap":{"0":{"start":{"line":3,"column":4},"end":{"line":3,"column":21}},"1":{"start":{"line":4,"column":4},"end":{"line":4,"column":31}},"2":{"start":{"line":8,"column":19},"end":{"line":8,"column":44}},"3":{"start":{"line":9,"column":4},"end":{"line":22,"column":5}},"4":{"start":{"line":10,"column":23},"end":{"line":10,"column":56}},"5":{"start":{"line":11,"column":6},"end":{"line":11,"column":18}},"6":{"start":{"line":13,"column":8},"end":{"line":17,"column":9}},"7":{"start":{"line":14,"column":10},"end":{"line":14,"column":97}},"8":{"start":{"line":15,"column":15},"end":{"line":17,"column":9}},"9":{"start":{"line":16,"column":10},"end":{"line":16,"column":95}},"10":{"start":{"line":18,"column":8},"end":{"line":18,"column":95}},"11":{"start":{"line":21,"column":6},"end":{"line":21,"column":23}},"12":{"start":{"line":26,"column":18},"end":{"line":31,"column":63}},"13":{"start":{"line":32,"column":17},"end":{"line":32,"column":41}},"14":{"start":{"line":33,"column":4},"end":{"line":33,"column":61}}},"fnMap":{"0":{"name":"(anonymous_0)","decl":{"start":{"line":2,"column":2},"end":{"line":2,"column":3}},"loc":{"start":{"line":2,"column":31},"end":{"line":5,"column":3}},"line":2},"1":{"name":"(anonymous_1)","decl":{"start":{"line":7,"column":2},"end":{"line":7,"column":3}},"loc":{"start":{"line":7,"column":35},"end":{"line":23,"column":3}},"line":7},"2":{"name":"(anonymous_2)","decl":{"start":{"line":25,"column":2},"end":{"line":25,"column":3}},"loc":{"start":{"line":25,"column":24},"end":{"line":34,"column":3}},"line":25}},"branchMap":{"0":{"loc":{"start":{"line":7,"column":22},"end":{"line":7,"column":33}},"type":"default-arg","locations":[{"start":{"line":7,"column":31},"end":{"line":7,"column":33}}],"line":7},"1":{"loc":{"start":{"line":13,"column":8},"end":{"line":17,"column":9}},"type":"if","locations":[{"start":{"line":13,"column":8},"end":{"line":17,"column":9}},{"start":{"line":15,"column":15},"end":{"line":17,"column":9}}],"line":13},"2":{"loc":{"start":{"line":15,"column":15},"end":{"line":17,"column":9}},"type":"if","locations":[{"start":{"line":15,"column":15},"end":{"line":17,"column":9}},{"start":{},"end":{}}],"line":15}},"s":{"0":6,"1":6,"2":5,"3":5,"4":5,"5":2,"6":3,"7":1,"8":2,"9":1,"10":1,"11":5,"12":1,"13":1,"14":1},"f":{"0":6,"1":5,"2":1},"b":{"0":[1],"1":[1,2],"2":[1,1]},"inputSourceMap":null,"_coverageSchema":"1a1c01bbd47fc00a2c39e90264f33305004495a9","hash":"6ea6ffffc318e62f2969299d22b4e29e2388148b"}
,"C:\\Users\\Owner\\source\\repos\\Cloned-Repos\\telebid\\borislav.a-training\\ekatte\\src\\routes\\createCrudRoutes.js": {"path":"C:\\Users\\Owner\\source\\repos\\Cloned-Repos\\telebid\\borislav.a-training\\ekatte\\src\\routes\\createCrudRoutes.js","statementMap":{"0":{"start":{"line":4,"column":32},"end":{"line":68,"column":1}},"1":{"start":{"line":5,"column":21},"end":{"line":5,"column":43}},"2":{"start":{"line":7,"column":2},"end":{"line":67,"column":4}},"3":{"start":{"line":9,"column":6},"end":{"line":24,"column":7}},"4":{"start":{"line":10,"column":23},"end":{"line":10,"column":37}},"5":{"start":{"line":11,"column":25},"end":{"line":11,"column":39}},"6":{"start":{"line":12,"column":8},"end":{"line":18,"column":9}},"7":{"start":{"line":13,"column":10},"end":{"line":13,"column":55}},"8":{"start":{"line":14,"column":15},"end":{"line":18,"column":9}},"9":{"start":{"line":15,"column":10},"end":{"line":15,"column":61}},"10":{"start":{"line":17,"column":10},"end":{"line":17,"column":50}},"11":{"start":{"line":20,"column":8},"end":{"line":20,"column":27}},"12":{"start":{"line":21,"column":8},"end":{"line":23,"column":11}},"13":{"start":{"line":28,"column":6},"end":{"line":37,"column":7}},"14":{"start":{"line":29,"column":27},"end":{"line":29,"column":43}},"15":{"start":{"line":30,"column":8},"end":{"line":30,"column":49}},"16":{"start":{"line":31,"column":8},"end":{"line":31,"column":60}},"17":{"start":{"line":33,"column":8},"end":{"line":33,"column":27}},"18":{"start":{"line":34,"column":8},"end":{"line":36,"column":11}},"19":{"start":{"line":41,"column":6},"end":{"line":53,"column":7}},"20":{"start":{"line":42,"column":23},"end":{"line":42,"column":37}},"21":{"start":{"line":43,"column":27},"end":{"line":43,"column":43}},"22":{"start":{"line":44,"column":8},"end":{"line":44,"column":49}},"23":{"start":{"line":45,"column":8},"end":{"line":45,"column":64}},"24":{"start":{"line":47,"column":8},"end":{"line":47,"column":27}},"25":{"start":{"line":48,"column":8},"end":{"line":52,"column":11}},"26":{"start":{"line":57,"column":6},"end":{"line":65,"column":7}},"27":{"start":{"line":58,"column":23},"end":{"line":58,"column":37}},"28":{"start":{"line":59,"column":8},"end":{"line":59,"column":52}},"29":{"start":{"line":61,"column":8},"end":{"line":61,"column":27}},"30":{"start":{"line":62,"column":8},"end":{"line":64,"column":11}}},"fnMap":{"0":{"name":"(anonymous_0)","decl":{"start":{"line":4,"column":32},"end":{"line":4,"column":33}},"loc":{"start":{"line":4,"column":68},"end":{"line":68,"column":1}},"line":4},"1":{"name":"(anonymous_1)","decl":{"start":{"line":8,"column":28},"end":{"line":8,"column":29}},"loc":{"start":{"line":8,"column":57},"end":{"line":25,"column":5}},"line":8},"2":{"name":"(anonymous_2)","decl":{"start":{"line":27,"column":29},"end":{"line":27,"column":30}},"loc":{"start":{"line":27,"column":58},"end":{"line":38,"column":5}},"line":27},"3":{"name":"(anonymous_3)","decl":{"start":{"line":40,"column":28},"end":{"line":40,"column":29}},"loc":{"start":{"line":40,"column":57},"end":{"line":54,"column":5}},"line":40},"4":{"name":"(anonymous_4)","decl":{"start":{"line":56,"column":31},"end":{"line":56,"column":32}},"loc":{"start":{"line":56,"column":60},"end":{"line":66,"column":5}},"line":56}},"branchMap":{"0":{"loc":{"start":{"line":12,"column":8},"end":{"line":18,"column":9}},"type":"if","locations":[{"start":{"line":12,"column":8},"end":{"line":18,"column":9}},{"start":{"line":14,"column":15},"end":{"line":18,"column":9}}],"line":12},"1":{"loc":{"start":{"line":14,"column":15},"end":{"line":18,"column":9}},"type":"if","locations":[{"start":{"line":14,"column":15},"end":{"line":18,"column":9}},{"start":{"line":16,"column":15},"end":{"line":18,"column":9}}],"line":14},"2":{"loc":{"start":{"line":35,"column":18},"end":{"line":35,"column":70}},"type":"binary-expr","locations":[{"start":{"line":35,"column":18},"end":{"line":35,"column":30}},{"start":{"line":35,"column":34},"end":{"line":35,"column":70}}],"line":35},"3":{"loc":{"start":{"line":50,"column":12},"end":{"line":51,"column":65}},"type":"binary-expr","locations":[{"start":{"line":50,"column":12},"end":{"line":50,"column":24}},{"start":{"line":51,"column":12},"end":{"line":51,"column":65}}],"line":50}},"s":{"0":1,"1":10,"2":10,"3":4,"4":4,"5":4,"6":4,"7":1,"8":3,"9":1,"10":2,"11":1,"12":1,"13":2,"14":2,"15":2,"16":2,"17":1,"18":1,"19":2,"20":2,"21":2,"22":2,"23":2,"24":1,"25":1,"26":2,"27":2,"28":2,"29":1,"30":1},"f":{"0":10,"1":4,"2":2,"3":2,"4":2},"b":{"0":[1,3],"1":[1,2],"2":[1,1],"3":[1,1]},"inputSourceMap":null,"_coverageSchema":"1a1c01bbd47fc00a2c39e90264f33305004495a9","hash":"a6e329196f14fd277cde5231a06dade5e2b67503"}
,"C:\\Users\\Owner\\source\\repos\\Cloned-Repos\\telebid\\borislav.a-training\\ekatte\\src\\routes\\statisticsRoutes.js": {"path":"C:\\Users\\Owner\\source\\repos\\Cloned-Repos\\telebid\\borislav.a-training\\ekatte\\src\\routes\\statisticsRoutes.js","statementMap":{"0":{"start":{"line":3,"column":25},"end":{"line":16,"column":1}},"1":{"start":{"line":4,"column":2},"end":{"line":15,"column":4}},"2":{"start":{"line":6,"column":6},"end":{"line":13,"column":7}},"3":{"start":{"line":7,"column":8},"end":{"line":7,"column":59}},"4":{"start":{"line":9,"column":8},"end":{"line":9,"column":27}},"5":{"start":{"line":10,"column":8},"end":{"line":12,"column":11}}},"fnMap":{"0":{"name":"(anonymous_0)","decl":{"start":{"line":3,"column":25},"end":{"line":3,"column":26}},"loc":{"start":{"line":3,"column":51},"end":{"line":16,"column":1}},"line":3},"1":{"name":"(anonymous_1)","decl":{"start":{"line":5,"column":23},"end":{"line":5,"column":24}},"loc":{"start":{"line":5,"column":52},"end":{"line":14,"column":5}},"line":5}},"branchMap":{},"s":{"0":1,"1":2,"2":2,"3":2,"4":1,"5":1},"f":{"0":2,"1":2},"b":{},"inputSourceMap":null,"_coverageSchema":"1a1c01bbd47fc00a2c39e90264f33305004495a9","hash":"8acddffc2bcfc5331b8b46b7a0f57a01eaebdf0c"}
,"C:\\Users\\Owner\\source\\repos\\Cloned-Repos\\telebid\\borislav.a-training\\ekatte\\src\\schemas\\validateSchema.js": {"path":"C:\\Users\\Owner\\source\\repos\\Cloned-Repos\\telebid\\borislav.a-training\\ekatte\\src\\schemas\\validateSchema.js","statementMap":{"0":{"start":{"line":5,"column":12},"end":{"line":5,"column":55}},"1":{"start":{"line":6,"column":0},"end":{"line":6,"column":16}},"2":{"start":{"line":7,"column":0},"end":{"line":7,"column":15}},"3":{"start":{"line":10,"column":19},"end":{"line":10,"column":38}},"4":{"start":{"line":11,"column":16},"end":{"line":11,"column":30}},"5":{"start":{"line":12,"column":2},"end":{"line":26,"column":3}},"6":{"start":{"line":13,"column":19},"end":{"line":13,"column":21}},"7":{"start":{"line":15,"column":4},"end":{"line":23,"column":5}},"8":{"start":{"line":16,"column":18},"end":{"line":16,"column":53}},"9":{"start":{"line":18,"column":6},"end":{"line":20,"column":7}},"10":{"start":{"line":19,"column":8},"end":{"line":19,"column":25}},"11":{"start":{"line":22,"column":6},"end":{"line":22,"column":38}},"12":{"start":{"line":25,"column":4},"end":{"line":25,"column":21}}},"fnMap":{"0":{"name":"validateSchema","decl":{"start":{"line":9,"column":16},"end":{"line":9,"column":30}},"loc":{"start":{"line":9,"column":45},"end":{"line":27,"column":1}},"line":9}},"branchMap":{"0":{"loc":{"start":{"line":12,"column":2},"end":{"line":26,"column":3}},"type":"if","locations":[{"start":{"line":12,"column":2},"end":{"line":26,"column":3}},{"start":{},"end":{}}],"line":12},"1":{"loc":{"start":{"line":18,"column":6},"end":{"line":20,"column":7}},"type":"if","locations":[{"start":{"line":18,"column":6},"end":{"line":20,"column":7}},{"start":{},"end":{}}],"line":18}},"s":{"0":2,"1":2,"2":2,"3":9,"4":9,"5":9,"6":4,"7":4,"8":6,"9":6,"10":6,"11":6,"12":4},"f":{"0":9},"b":{"0":[4,5],"1":[6,0]},"inputSourceMap":null,"_coverageSchema":"1a1c01bbd47fc00a2c39e90264f33305004495a9","hash":"057682c141028183a38c3a70183b8ec8f58097ec"}
,"C:\\Users\\Owner\\source\\repos\\Cloned-Repos\\telebid\\borislav.a-training\\ekatte\\src\\util\\requestUtilities.js": {"path":"C:\\Users\\Owner\\source\\repos\\Cloned-Repos\\telebid\\borislav.a-training\\ekatte\\src\\util\\requestUtilities.js","statementMap":{"0":{"start":{"line":3,"column":18},"end":{"line":3,"column":37}},"1":{"start":{"line":20,"column":13},"end":{"line":20,"column":15}},"2":{"start":{"line":22,"column":2},"end":{"line":29,"column":3}},"3":{"start":{"line":23,"column":4},"end":{"line":25,"column":5}},"4":{"start":{"line":24,"column":6},"end":{"line":24,"column":31}},"5":{"start":{"line":26,"column":4},"end":{"line":26,"column":28}},"6":{"start":{"line":28,"column":4},"end":{"line":28,"column":36}},"7":{"start":{"line":35,"column":2},"end":{"line":41,"column":3}},"8":{"start":{"line":36,"column":4},"end":{"line":36,"column":65}},"9":{"start":{"line":37,"column":9},"end":{"line":41,"column":3}},"10":{"start":{"line":38,"column":4},"end":{"line":38,"column":59}},"11":{"start":{"line":40,"column":4},"end":{"line":40,"column":50}},"12":{"start":{"line":43,"column":2},"end":{"line":45,"column":3}},"13":{"start":{"line":44,"column":4},"end":{"line":44,"column":24}},"14":{"start":{"line":47,"column":2},"end":{"line":47,"column":18}},"15":{"start":{"line":51,"column":2},"end":{"line":66,"column":3}},"16":{"start":{"line":53,"column":6},"end":{"line":53,"column":25}},"17":{"start":{"line":55,"column":6},"end":{"line":55,"column":24}},"18":{"start":{"line":57,"column":6},"end":{"line":57,"column":31}},"19":{"start":{"line":59,"column":6},"end":{"line":59,"column":32}},"20":{"start":{"line":61,"column":6},"end":{"line":61,"column":25}},"21":{"start":{"line":63,"column":6},"end":{"line":63,"column":25}},"22":{"start":{"line":65,"column":6},"end":{"line":65,"column":25}},"23":{"start":{"line":70,"column":2},"end":{"line":78,"column":3}},"24":{"start":{"line":71,"column":20},"end":{"line":71,"column":64}},"25":{"start":{"line":73,"column":4},"end":{"line":73,"column":63}},"26":{"start":{"line":75,"column":4},"end":{"line":75,"column":23}},"27":{"start":{"line":76,"column":4},"end":{"line":76,"column":30}},"28":{"start":{"line":77,"column":4},"end":{"line":77,"column":19}},"29":{"start":{"line":82,"column":2},"end":{"line":82,"column":66}},"30":{"start":{"line":83,"column":2},"end":{"line":85,"column":4}}},"fnMap":{"0":{"name":"getRequestBody","decl":{"start":{"line":19,"column":22},"end":{"line":19,"column":36}},"loc":{"start":{"line":19,"column":42},"end":{"line":30,"column":1}},"line":19},"1":{"name":"getFilePath","decl":{"start":{"line":32,"column":16},"end":{"line":32,"column":27}},"loc":{"start":{"line":32,"column":60},"end":{"line":48,"column":1}},"line":32},"2":{"name":"getContentType","decl":{"start":{"line":50,"column":16},"end":{"line":50,"column":30}},"loc":{"start":{"line":50,"column":42},"end":{"line":67,"column":1}},"line":50},"3":{"name":"serveFile","decl":{"start":{"line":69,"column":22},"end":{"line":69,"column":31}},"loc":{"start":{"line":69,"column":65},"end":{"line":79,"column":1}},"line":69},"4":{"name":"createResponse","decl":{"start":{"line":81,"column":16},"end":{"line":81,"column":30}},"loc":{"start":{"line":81,"column":72},"end":{"line":86,"column":1}},"line":81}},"branchMap":{"0":{"loc":{"start":{"line":35,"column":2},"end":{"line":41,"column":3}},"type":"if","locations":[{"start":{"line":35,"column":2},"end":{"line":41,"column":3}},{"start":{"line":37,"column":9},"end":{"line":41,"column":3}}],"line":35},"1":{"loc":{"start":{"line":35,"column":6},"end":{"line":35,"column":51}},"type":"binary-expr","locations":[{"start":{"line":35,"column":6},"end":{"line":35,"column":33}},{"start":{"line":35,"column":37},"end":{"line":35,"column":51}}],"line":35},"2":{"loc":{"start":{"line":37,"column":9},"end":{"line":41,"column":3}},"type":"if","locations":[{"start":{"line":37,"column":9},"end":{"line":41,"column":3}},{"start":{"line":39,"column":9},"end":{"line":41,"column":3}}],"line":37},"3":{"loc":{"start":{"line":43,"column":2},"end":{"line":45,"column":3}},"type":"if","locations":[{"start":{"line":43,"column":2},"end":{"line":45,"column":3}},{"start":{},"end":{}}],"line":43},"4":{"loc":{"start":{"line":43,"column":6},"end":{"line":43,"column":44}},"type":"binary-expr","locations":[{"start":{"line":43,"column":6},"end":{"line":43,"column":16}},{"start":{"line":43,"column":20},"end":{"line":43,"column":44}}],"line":43},"5":{"loc":{"start":{"line":51,"column":2},"end":{"line":66,"column":3}},"type":"switch","locations":[{"start":{"line":52,"column":4},"end":{"line":53,"column":25}},{"start":{"line":54,"column":4},"end":{"line":55,"column":24}},{"start":{"line":56,"column":4},"end":{"line":57,"column":31}},{"start":{"line":58,"column":4},"end":{"line":59,"column":32}},{"start":{"line":60,"column":4},"end":{"line":61,"column":25}},{"start":{"line":62,"column":4},"end":{"line":63,"column":25}},{"start":{"line":64,"column":4},"end":{"line":65,"column":25}}],"line":51},"6":{"loc":{"start":{"line":84,"column":4},"end":{"line":84,"column":68}},"type":"cond-expr","locations":[{"start":{"line":84,"column":41},"end":{"line":84,"column":61}},{"start":{"line":84,"column":64},"end":{"line":84,"column":68}}],"line":84}},"s":{"0":5,"1":3,"2":3,"3":3,"4":3,"5":3,"6":2,"7":0,"8":0,"9":0,"10":0,"11":0,"12":0,"13":0,"14":0,"15":7,"16":1,"17":1,"18":1,"19":1,"20":1,"21":1,"22":1,"23":0,"24":0,"25":0,"26":0,"27":0,"28":0,"29":13,"30":13},"f":{"0":3,"1":0,"2":7,"3":0,"4":13},"b":{"0":[0,0],"1":[0,0],"2":[0,0],"3":[0,0],"4":[0,0],"5":[1,1,1,1,1,1,1],"6":[12,1]},"inputSourceMap":null,"_coverageSchema":"1a1c01bbd47fc00a2c39e90264f33305004495a9","hash":"f92dcbe0e1208d590bbaaf59e7ae3acdb7f31c60"}
}
