{"/home/tb-intern1/Desktop/repo/borislav.a-training/ekatte/src/repository/crudRepository.js": {"path":"/home/tb-intern1/Desktop/repo/borislav.a-training/ekatte/src/repository/crudRepository.js","statementMap":{"0":{"start":{"line":3,"column":4},"end":{"line":3,"column":21}},"1":{"start":{"line":4,"column":4},"end":{"line":4,"column":25}},"2":{"start":{"line":8,"column":19},"end":{"line":8,"column":44}},"3":{"start":{"line":9,"column":4},"end":{"line":22,"column":5}},"4":{"start":{"line":10,"column":23},"end":{"line":10,"column":56}},"5":{"start":{"line":11,"column":6},"end":{"line":11,"column":18}},"6":{"start":{"line":13,"column":8},"end":{"line":17,"column":9}},"7":{"start":{"line":14,"column":10},"end":{"line":14,"column":97}},"8":{"start":{"line":15,"column":15},"end":{"line":17,"column":9}},"9":{"start":{"line":16,"column":10},"end":{"line":16,"column":95}},"10":{"start":{"line":18,"column":8},"end":{"line":18,"column":95}},"11":{"start":{"line":21,"column":6},"end":{"line":21,"column":23}},"12":{"start":{"line":26,"column":18},"end":{"line":26,"column":70}},"13":{"start":{"line":27,"column":17},"end":{"line":27,"column":41}},"14":{"start":{"line":28,"column":4},"end":{"line":28,"column":58}},"15":{"start":{"line":32,"column":18},"end":{"line":32,"column":67}},"16":{"start":{"line":33,"column":17},"end":{"line":33,"column":47}},"17":{"start":{"line":34,"column":4},"end":{"line":34,"column":61}},"18":{"start":{"line":38,"column":17},"end":{"line":38,"column":52}},"19":{"start":{"line":39,"column":19},"end":{"line":39,"column":47}},"20":{"start":{"line":39,"column":37},"end":{"line":39,"column":46}},"21":{"start":{"line":40,"column":18},"end":{"line":42,"column":73}},"22":{"start":{"line":42,"column":36},"end":{"line":42,"column":47}},"23":{"start":{"line":44,"column":17},"end":{"line":44,"column":49}},"24":{"start":{"line":45,"column":4},"end":{"line":45,"column":61}},"25":{"start":{"line":49,"column":17},"end":{"line":49,"column":52}},"26":{"start":{"line":50,"column":19},"end":{"line":50,"column":47}},"27":{"start":{"line":50,"column":37},"end":{"line":50,"column":46}},"28":{"start":{"line":51,"column":18},"end":{"line":55,"column":21}},"29":{"start":{"line":53,"column":35},"end":{"line":53,"column":55}},"30":{"start":{"line":57,"column":17},"end":{"line":57,"column":58}},"31":{"start":{"line":58,"column":4},"end":{"line":58,"column":61}},"32":{"start":{"line":62,"column":18},"end":{"line":62,"column":78}},"33":{"start":{"line":63,"column":17},"end":{"line":63,"column":47}},"34":{"start":{"line":64,"column":4},"end":{"line":64,"column":61}},"35":{"start":{"line":68,"column":29},"end":{"line":70,"column":5}},"36":{"start":{"line":69,"column":15},"end":{"line":69,"column":53}},"37":{"start":{"line":72,"column":4},"end":{"line":74,"column":5}},"38":{"start":{"line":73,"column":6},"end":{"line":73,"column":52}},"39":{"start":{"line":76,"column":18},"end":{"line":81,"column":41}},"40":{"start":{"line":79,"column":26},"end":{"line":79,"column":66}},"41":{"start":{"line":83,"column":23},"end":{"line":83,"column":30}},"42":{"start":{"line":84,"column":17},"end":{"line":84,"column":53}},"43":{"start":{"line":85,"column":4},"end":{"line":85,"column":58}}},"fnMap":{"0":{"name":"(anonymous_0)","decl":{"start":{"line":2,"column":2},"end":{"line":2,"column":3}},"loc":{"start":{"line":2,"column":28},"end":{"line":5,"column":3}},"line":2},"1":{"name":"(anonymous_1)","decl":{"start":{"line":7,"column":2},"end":{"line":7,"column":3}},"loc":{"start":{"line":7,"column":35},"end":{"line":23,"column":3}},"line":7},"2":{"name":"(anonymous_2)","decl":{"start":{"line":25,"column":2},"end":{"line":25,"column":3}},"loc":{"start":{"line":25,"column":17},"end":{"line":29,"column":3}},"line":25},"3":{"name":"(anonymous_3)","decl":{"start":{"line":31,"column":2},"end":{"line":31,"column":3}},"loc":{"start":{"line":31,"column":20},"end":{"line":35,"column":3}},"line":31},"4":{"name":"(anonymous_4)","decl":{"start":{"line":37,"column":2},"end":{"line":37,"column":3}},"loc":{"start":{"line":37,"column":21},"end":{"line":46,"column":3}},"line":37},"5":{"name":"(anonymous_5)","decl":{"start":{"line":39,"column":28},"end":{"line":39,"column":29}},"loc":{"start":{"line":39,"column":37},"end":{"line":39,"column":46}},"line":39},"6":{"name":"(anonymous_6)","decl":{"start":{"line":42,"column":26},"end":{"line":42,"column":27}},"loc":{"start":{"line":42,"column":36},"end":{"line":42,"column":47}},"line":42},"7":{"name":"(anonymous_7)","decl":{"start":{"line":48,"column":2},"end":{"line":48,"column":3}},"loc":{"start":{"line":48,"column":25},"end":{"line":59,"column":3}},"line":48},"8":{"name":"(anonymous_8)","decl":{"start":{"line":50,"column":28},"end":{"line":50,"column":29}},"loc":{"start":{"line":50,"column":37},"end":{"line":50,"column":46}},"line":50},"9":{"name":"(anonymous_9)","decl":{"start":{"line":53,"column":23},"end":{"line":53,"column":24}},"loc":{"start":{"line":53,"column":35},"end":{"line":53,"column":55}},"line":53},"10":{"name":"(anonymous_10)","decl":{"start":{"line":61,"column":2},"end":{"line":61,"column":3}},"loc":{"start":{"line":61,"column":19},"end":{"line":65,"column":3}},"line":61},"11":{"name":"(anonymous_11)","decl":{"start":{"line":67,"column":2},"end":{"line":67,"column":3}},"loc":{"start":{"line":67,"column":27},"end":{"line":86,"column":3}},"line":67},"12":{"name":"(anonymous_12)","decl":{"start":{"line":69,"column":6},"end":{"line":69,"column":7}},"loc":{"start":{"line":69,"column":15},"end":{"line":69,"column":53}},"line":69},"13":{"name":"(anonymous_13)","decl":{"start":{"line":79,"column":15},"end":{"line":79,"column":16}},"loc":{"start":{"line":79,"column":26},"end":{"line":79,"column":66}},"line":79}},"branchMap":{"0":{"loc":{"start":{"line":7,"column":22},"end":{"line":7,"column":33}},"type":"default-arg","locations":[{"start":{"line":7,"column":31},"end":{"line":7,"column":33}}],"line":7},"1":{"loc":{"start":{"line":13,"column":8},"end":{"line":17,"column":9}},"type":"if","locations":[{"start":{"line":13,"column":8},"end":{"line":17,"column":9}},{"start":{"line":15,"column":15},"end":{"line":17,"column":9}}],"line":13},"2":{"loc":{"start":{"line":15,"column":15},"end":{"line":17,"column":9}},"type":"if","locations":[{"start":{"line":15,"column":15},"end":{"line":17,"column":9}},{"start":{},"end":{}}],"line":15},"3":{"loc":{"start":{"line":72,"column":4},"end":{"line":74,"column":5}},"type":"if","locations":[{"start":{"line":72,"column":4},"end":{"line":74,"column":5}},{"start":{},"end":{}}],"line":72}},"s":{"0":16,"1":16,"2":0,"3":0,"4":0,"5":0,"6":0,"7":0,"8":0,"9":0,"10":0,"11":0,"12":0,"13":0,"14":0,"15":2,"16":2,"17":2,"18":3,"19":3,"20":6,"21":3,"22":6,"23":3,"24":1,"25":2,"26":2,"27":4,"28":2,"29":4,"30":2,"31":1,"32":1,"33":1,"34":1,"35":2,"36":4,"37":2,"38":0,"39":2,"40":4,"41":2,"42":2,"43":1},"f":{"0":16,"1":0,"2":0,"3":2,"4":3,"5":6,"6":6,"7":2,"8":4,"9":4,"10":1,"11":2,"12":4,"13":4},"b":{"0":[0],"1":[0,0],"2":[0,0],"3":[0,2]},"inputSourceMap":null,"_coverageSchema":"1a1c01bbd47fc00a2c39e90264f33305004495a9","hash":"9fac120bbc2800866441db054ec6eae425822a33"}
}
