TN:
SF:src/controllers/crudController.js
FN:4,(anonymous_0)
FN:8,(anonymous_1)
FN:22,(anonymous_2)
FN:26,(anonymous_3)
FN:30,(anonymous_4)
FN:34,(anonymous_5)
FN:38,(anonymous_6)
FN:42,(anonymous_7)
FNF:8
FNH:8
FNDA:9,(anonymous_0)
FNDA:3,(anonymous_1)
FNDA:1,(anonymous_2)
FNDA:1,(anonymous_3)
FNDA:1,(anonymous_4)
FNDA:1,(anonymous_5)
FNDA:1,(anonymous_6)
FNDA:1,(anonymous_7)
DA:5,9
DA:9,3
DA:10,3
DA:11,2
DA:12,1
DA:14,1
DA:17,1
DA:18,1
DA:23,1
DA:27,1
DA:31,1
DA:35,1
DA:39,1
DA:43,1
LF:14
LH:14
BRDA:11,0,0,1
BRDA:11,0,1,1
BRF:2
BRH:2
end_of_record
TN:
SF:src/controllers/statisticsController.js
FN:4,(anonymous_0)
FN:8,(anonymous_1)
FN:22,(anonymous_2)
FNF:3
FNH:3
FNDA:4,(anonymous_0)
FNDA:3,(anonymous_1)
FNDA:1,(anonymous_2)
DA:5,4
DA:9,3
DA:10,3
DA:11,2
DA:12,1
DA:14,1
DA:17,1
DA:18,1
DA:23,1
LF:9
LH:9
BRDA:11,0,0,1
BRDA:11,0,1,1
BRF:2
BRH:2
end_of_record
TN:
SF:src/repository/crudRepository.js
FN:2,(anonymous_0)
FN:7,(anonymous_1)
FN:25,(anonymous_2)
FN:31,(anonymous_3)
FN:37,(anonymous_4)
FN:39,(anonymous_5)
FN:42,(anonymous_6)
FN:48,(anonymous_7)
FN:50,(anonymous_8)
FN:53,(anonymous_9)
FN:61,(anonymous_10)
FN:67,(anonymous_11)
FN:69,(anonymous_12)
FN:79,(anonymous_13)
FNF:14
FNH:14
FNDA:16,(anonymous_0)
FNDA:5,(anonymous_1)
FNDA:2,(anonymous_2)
FNDA:2,(anonymous_3)
FNDA:1,(anonymous_4)
FNDA:2,(anonymous_5)
FNDA:2,(anonymous_6)
FNDA:1,(anonymous_7)
FNDA:2,(anonymous_8)
FNDA:2,(anonymous_9)
FNDA:1,(anonymous_10)
FNDA:3,(anonymous_11)
FNDA:6,(anonymous_12)
FNDA:4,(anonymous_13)
DA:3,16
DA:4,16
DA:8,5
DA:9,5
DA:10,5
DA:11,2
DA:13,3
DA:14,1
DA:15,2
DA:16,1
DA:18,1
DA:21,5
DA:26,2
DA:27,2
DA:28,1
DA:32,2
DA:33,2
DA:34,2
DA:38,1
DA:39,2
DA:40,1
DA:42,2
DA:44,1
DA:45,1
DA:49,1
DA:50,2
DA:51,1
DA:53,2
DA:57,1
DA:58,1
DA:62,1
DA:63,1
DA:64,1
DA:68,3
DA:69,6
DA:72,3
DA:73,1
DA:76,2
DA:79,4
DA:83,2
DA:84,2
DA:85,1
LF:42
LH:42
BRDA:7,0,0,1
BRDA:13,1,0,1
BRDA:13,1,1,2
BRDA:15,2,0,1
BRDA:15,2,1,1
BRDA:72,3,0,1
BRDA:72,3,1,2
BRF:7
BRH:7
end_of_record
TN:
SF:src/repository/repository.js
FN:2,(anonymous_0)
FN:7,(anonymous_1)
FN:25,(anonymous_2)
FNF:3
FNH:3
FNDA:6,(anonymous_0)
FNDA:5,(anonymous_1)
FNDA:1,(anonymous_2)
DA:3,6
DA:4,6
DA:8,5
DA:9,5
DA:10,5
DA:11,2
DA:13,3
DA:14,1
DA:15,2
DA:16,1
DA:18,1
DA:21,5
DA:26,1
DA:32,1
DA:33,1
LF:15
LH:15
BRDA:7,0,0,1
BRDA:13,1,0,1
BRDA:13,1,1,2
BRDA:15,2,0,1
BRDA:15,2,1,1
BRF:5
BRH:5
end_of_record
TN:
SF:src/routes/createCrudRoutes.js
FN:4,(anonymous_0)
FN:8,(anonymous_1)
FN:27,(anonymous_2)
FN:40,(anonymous_3)
FN:56,(anonymous_4)
FNF:5
FNH:5
FNDA:10,(anonymous_0)
FNDA:4,(anonymous_1)
FNDA:2,(anonymous_2)
FNDA:2,(anonymous_3)
FNDA:2,(anonymous_4)
DA:4,1
DA:5,10
DA:7,10
DA:9,4
DA:10,4
DA:11,4
DA:12,4
DA:13,1
DA:14,3
DA:15,1
DA:17,2
DA:20,1
DA:21,1
DA:28,2
DA:29,2
DA:30,2
DA:31,2
DA:33,1
DA:34,1
DA:41,2
DA:42,2
DA:43,2
DA:44,2
DA:45,2
DA:47,1
DA:48,1
DA:57,2
DA:58,2
DA:59,2
DA:61,1
DA:62,1
LF:31
LH:31
BRDA:12,0,0,1
BRDA:12,0,1,3
BRDA:14,1,0,1
BRDA:14,1,1,2
BRDA:35,2,0,1
BRDA:35,2,1,1
BRDA:50,3,0,1
BRDA:50,3,1,1
BRF:8
BRH:8
end_of_record
TN:
SF:src/routes/statisticsRoutes.js
FN:3,(anonymous_0)
FN:5,(anonymous_1)
FNF:2
FNH:2
FNDA:2,(anonymous_0)
FNDA:2,(anonymous_1)
DA:3,1
DA:4,2
DA:6,2
DA:7,2
DA:9,1
DA:10,1
LF:6
LH:6
BRF:0
BRH:0
end_of_record
TN:
SF:src/schemas/validateSchema.js
FN:9,validateSchema
FNF:1
FNH:1
FNDA:9,validateSchema
DA:5,2
DA:6,2
DA:7,2
DA:10,9
DA:11,9
DA:12,9
DA:13,4
DA:15,4
DA:16,6
DA:18,6
DA:19,6
DA:22,6
DA:25,4
LF:13
LH:13
BRDA:12,0,0,4
BRDA:12,0,1,5
BRDA:18,1,0,6
BRDA:18,1,1,0
BRF:4
BRH:3
end_of_record
TN:
SF:src/util/requestUtilities.js
FN:5,getRequestBody
FN:24,getFilePath
FN:42,getContentType
FN:61,serveFile
FN:73,createResponse
FNF:5
FNH:3
FNDA:3,getRequestBody
FNDA:0,getFilePath
FNDA:7,getContentType
FNDA:0,serveFile
FNDA:13,createResponse
DA:3,5
DA:6,3
DA:8,3
DA:9,3
DA:10,3
DA:13,3
DA:14,1
DA:16,2
DA:19,1
DA:20,1
DA:27,0
DA:28,0
DA:29,0
DA:30,0
DA:32,0
DA:35,0
DA:36,0
DA:39,0
DA:43,7
DA:45,1
DA:47,1
DA:49,1
DA:51,1
DA:53,1
DA:55,1
DA:57,1
DA:62,0
DA:63,0
DA:65,0
DA:67,0
DA:68,0
DA:69,0
DA:74,13
DA:75,13
LF:34
LH:20
BRDA:13,0,0,1
BRDA:13,0,1,2
BRDA:27,1,0,0
BRDA:27,1,1,0
BRDA:27,2,0,0
BRDA:27,2,1,0
BRDA:29,3,0,0
BRDA:29,3,1,0
BRDA:35,4,0,0
BRDA:35,4,1,0
BRDA:35,5,0,0
BRDA:35,5,1,0
BRDA:43,6,0,1
BRDA:43,6,1,1
BRDA:43,6,2,1
BRDA:43,6,3,1
BRDA:43,6,4,1
BRDA:43,6,5,1
BRDA:43,6,6,1
BRDA:76,7,0,12
BRDA:76,7,1,1
BRF:21
BRH:11
end_of_record
