TN:
SF:src/repository/crudRepository.js
FN:2,(anonymous_0)
FN:7,(anonymous_1)
FN:25,(anonymous_2)
FN:31,(anonymous_3)
FN:37,(anonymous_4)
FN:39,(anonymous_5)
FN:42,(anonymous_6)
FN:48,(anonymous_7)
FN:50,(anonymous_8)
FN:53,(anonymous_9)
FN:61,(anonymous_10)
FN:67,(anonymous_11)
FN:69,(anonymous_12)
FN:79,(anonymous_13)
FNF:14
FNH:12
FNDA:16,(anonymous_0)
FNDA:0,(anonymous_1)
FNDA:0,(anonymous_2)
FNDA:2,(anonymous_3)
FNDA:3,(anonymous_4)
FNDA:6,(anonymous_5)
FNDA:6,(anonymous_6)
FNDA:2,(anonymous_7)
FNDA:4,(anonymous_8)
FNDA:4,(anonymous_9)
FNDA:1,(anonymous_10)
FNDA:2,(anonymous_11)
FNDA:4,(anonymous_12)
FNDA:4,(anonymous_13)
DA:3,16
DA:4,16
DA:8,0
DA:9,0
DA:10,0
DA:11,0
DA:13,0
DA:14,0
DA:15,0
DA:16,0
DA:18,0
DA:21,0
DA:26,0
DA:27,0
DA:28,0
DA:32,2
DA:33,2
DA:34,2
DA:38,3
DA:39,6
DA:40,3
DA:42,6
DA:44,3
DA:45,1
DA:49,2
DA:50,4
DA:51,2
DA:53,4
DA:57,2
DA:58,1
DA:62,1
DA:63,1
DA:64,1
DA:68,2
DA:69,4
DA:72,2
DA:73,0
DA:76,2
DA:79,4
DA:83,2
DA:84,2
DA:85,1
LF:42
LH:28
BRDA:7,0,0,0
BRDA:13,1,0,0
BRDA:13,1,1,0
BRDA:15,2,0,0
BRDA:15,2,1,0
BRDA:72,3,0,0
BRDA:72,3,1,2
BRF:7
BRH:1
end_of_record
